SF:lib/features/auth/presentation/view/login_view.dart
DA:12,37
DA:14,4
DA:15,4
DA:24,4
DA:28,4
DA:29,4
DA:30,4
DA:31,4
DA:35,6
DA:37,3
DA:38,0
DA:39,0
DA:40,0
DA:41,0
DA:44,3
DA:46,3
DA:47,3
DA:49,3
DA:53,3
DA:55,3
DA:56,3
DA:57,3
DA:59,3
DA:61,3
DA:63,3
DA:82,3
DA:83,3
DA:84,3
DA:87,3
DA:88,3
DA:91,3
DA:92,3
DA:101,3
DA:102,3
DA:103,3
DA:104,3
DA:107,3
DA:108,3
DA:110,3
DA:111,3
DA:112,3
DA:116,0
DA:117,0
DA:118,0
DA:123,3
DA:124,3
DA:127,6
DA:136,3
DA:138,3
DA:139,0
DA:151,3
DA:153,3
DA:154,3
DA:155,9
DA:157,6
DA:158,3
DA:160,6
DA:161,6
DA:166,3
DA:168,3
DA:169,3
DA:187,3
DA:189,3
DA:190,0
DA:205,3
DA:207,3
DA:208,3
DA:218,3
DA:220,3
DA:222,3
DA:223,0
DA:224,0
DA:226,0
DA:227,0
LF:74
LH:61
end_of_record
SF:lib/features/auth/presentation/view_model/bloc/login_state.dart
DA:7,3
DA:12,0
DA:13,0
DA:19,0
DA:23,0
DA:24,0
DA:25,0
DA:29,0
LF:8
LH:1
end_of_record
SF:lib/features/auth/presentation/view_model/bloc/login_event.dart
DA:4,3
DA:6,0
DA:7,0
DA:14,0
DA:24,0
DA:35,3
LF:6
LH:2
end_of_record
SF:lib/features/auth/presentation/view_model/bloc/login_bloc.dart
DA:21,0
DA:30,0
DA:31,0
DA:32,0
DA:33,0
DA:34,0
DA:35,0
DA:36,0
DA:37,0
DA:38,0
DA:40,0
DA:47,0
DA:48,0
DA:49,0
DA:50,0
DA:51,0
DA:52,0
DA:53,0
DA:54,0
DA:61,0
DA:62,0
DA:63,0
DA:65,0
DA:66,0
DA:67,0
DA:68,0
DA:72,0
DA:73,0
DA:74,0
DA:75,0
DA:76,0
DA:81,0
DA:82,0
DA:85,0
DA:88,0
DA:89,0
DA:92,0
DA:96,0
DA:97,0
DA:99,0
DA:100,0
DA:101,0
DA:102,0
DA:103,0
DA:105,0
DA:106,0
DA:111,0
DA:112,0
LF:48
LH:0
end_of_record
SF:lib/app/constants/api_endpoints.dart
DA:2,0
LF:1
LH:0
end_of_record
SF:lib/app/constants/hive_table_constant.dart
DA:2,0
LF:1
LH:0
end_of_record
SF:lib/app/di/di.dart
DA:32,0
DA:34,0
DA:36,0
DA:37,0
DA:38,0
DA:39,0
DA:40,0
DA:41,0
DA:42,0
DA:43,0
DA:44,0
DA:45,0
DA:46,0
DA:47,0
DA:50,0
DA:51,0
DA:52,0
DA:55,0
DA:56,0
DA:59,0
DA:61,0
DA:62,0
DA:66,0
DA:67,0
DA:70,0
DA:71,0
DA:74,0
DA:75,0
DA:78,0
DA:81,0
DA:82,0
DA:85,0
DA:86,0
DA:91,0
DA:92,0
DA:94,0
DA:95,0
DA:99,0
DA:100,0
DA:101,0
DA:105,0
DA:106,0
DA:107,0
DA:111,0
DA:112,0
DA:113,0
DA:114,0
DA:119,0
DA:121,0
DA:122,0
DA:125,0
DA:126,0
DA:127,0
DA:128,0
DA:132,0
DA:133,0
DA:134,0
DA:135,0
DA:136,0
DA:137,0
DA:142,0
DA:143,0
DA:144,0
DA:148,0
DA:151,0
DA:152,0
DA:153,0
DA:157,0
DA:158,0
DA:159,0
DA:164,0
DA:165,0
DA:166,0
DA:170,0
DA:171,0
DA:172,0
DA:173,0
DA:183,0
DA:185,0
DA:186,0
DA:187,0
DA:190,0
DA:191,0
DA:194,0
DA:195,0
DA:197,0
DA:198,0
DA:199,0
DA:201,0
DA:202,0
DA:203,0
DA:207,0
DA:208,0
DA:209,0
DA:210,0
LF:95
LH:0
end_of_record
SF:lib/app/shared_prefs/token_shared_prefs.dart
DA:8,3
DA:11,0
DA:13,0
DA:16,0
DA:21,0
DA:23,0
DA:24,0
DA:26,0
DA:31,0
DA:33,0
DA:36,0
DA:41,0
DA:43,0
DA:44,0
DA:46,0
DA:51,0
DA:53,0
DA:56,0
DA:61,0
DA:63,0
DA:64,0
DA:66,0
DA:71,0
DA:73,0
DA:76,0
DA:81,0
DA:83,0
DA:84,0
DA:86,0
DA:91,0
DA:93,0
DA:96,0
DA:101,0
DA:103,0
DA:105,0
DA:106,0
DA:111,0
LF:37
LH:1
end_of_record
SF:lib/core/network/api_service.dart
DA:9,0
DA:11,0
DA:12,0
DA:13,0
DA:14,0
DA:15,0
DA:16,0
DA:17,0
DA:19,0
LF:9
LH:0
end_of_record
SF:lib/core/network/hive_service.dart
DA:8,0
DA:10,0
DA:11,0
DA:13,0
DA:17,0
DA:18,0
DA:19,0
DA:22,0
DA:23,0
DA:24,0
DA:27,0
DA:28,0
DA:29,0
DA:33,0
DA:34,0
DA:35,0
DA:36,0
DA:37,0
DA:38,0
DA:39,0
DA:44,0
DA:45,0
DA:48,0
DA:49,0
LF:24
LH:0
end_of_record
SF:lib/core/theme/theme_cubit.dart
DA:5,0
DA:6,0
DA:9,0
DA:10,0
DA:11,0
DA:12,0
DA:15,0
DA:16,0
DA:17,0
DA:18,0
LF:10
LH:0
end_of_record
SF:lib/features/auth/data/data_source/local_data_source/auth_local_data_source.dart
DA:11,0
DA:13,0
DA:16,0
DA:27,0
DA:30,0
DA:31,0
DA:33,0
DA:37,0
DA:41,0
DA:43,0
DA:44,0
DA:46,0
DA:50,0
DA:52,0
LF:14
LH:0
end_of_record
SF:lib/features/auth/data/data_source/remote_data_source/auth_remote_datasource.dart
DA:11,0
DA:13,0
DA:16,0
DA:17,0
DA:18,0
DA:19,0
DA:20,0
DA:21,0
DA:22,0
DA:23,0
DA:27,0
DA:30,0
DA:32,0
DA:33,0
DA:35,0
DA:39,0
DA:42,0
DA:45,0
DA:48,0
DA:50,0
DA:51,0
DA:58,0
DA:59,0
DA:62,0
DA:64,0
DA:65,0
DA:67,0
DA:71,0
DA:74,0
DA:75,0
DA:76,0
DA:77,0
DA:78,0
DA:84,0
DA:89,0
DA:91,0
DA:95,0
DA:97,0
DA:98,0
DA:100,0
LF:40
LH:0
end_of_record
SF:lib/features/auth/data/repository/auth_local_repository.dart
DA:12,0
DA:14,0
DA:17,0
DA:18,0
DA:20,0
DA:24,0
DA:30,0
DA:31,0
DA:33,0
DA:37,0
DA:40,0
DA:42,0
DA:46,0
DA:49,0
LF:14
LH:0
end_of_record
SF:lib/features/auth/data/repository/auth_remote_repository/auth_remote_repository.dart
DA:12,0
DA:14,0
DA:17,0
DA:20,0
DA:24,0
DA:27,0
DA:30,0
DA:34,0
DA:35,0
DA:37,0
DA:41,0
DA:44,0
DA:45,0
DA:47,0
LF:14
LH:0
end_of_record
SF:lib/features/auth/domain/use_case/login_use_case.dart
DA:13,1
DA:19,0
DA:23,0
DA:24,0
DA:31,1
DA:33,1
DA:36,4
DA:37,1
DA:38,2
DA:39,1
DA:40,2
DA:43,1
DA:44,1
DA:45,1
DA:46,1
DA:47,1
DA:50,2
DA:51,2
DA:52,2
DA:54,2
DA:56,1
LF:21
LH:18
end_of_record
SF:lib/features/auth/domain/use_case/register_user_usecase.dart
DA:15,1
DA:24,0
DA:26,0
DA:32,1
DA:34,1
DA:35,1
DA:36,1
DA:37,1
DA:38,1
DA:39,1
DA:40,1
DA:41,1
DA:43,2
LF:13
LH:11
end_of_record
SF:lib/features/auth/domain/use_case/upload_image_usecase.dart
DA:11,1
DA:20,1
DA:22,1
DA:24,3
LF:4
LH:4
end_of_record
SF:lib/features/auth/presentation/view_model/bloc/signup_event.dart
DA:4,0
DA:6,0
DA:7,0
DA:13,0
DA:27,0
LF:5
LH:0
end_of_record
SF:lib/features/auth/presentation/view_model/bloc/signup_state.dart
DA:8,0
DA:14,11
DA:19,0
DA:24,0
DA:25,0
DA:26,0
DA:27,0
DA:31,0
DA:32,0
LF:9
LH:1
end_of_record
SF:lib/features/auth/presentation/view_model/bloc/signup_bloc.dart
DA:17,0
DA:22,0
DA:24,0
DA:25,0
DA:40,0
DA:44,0
DA:45,0
DA:46,0
DA:47,0
DA:48,0
DA:49,0
DA:50,0
DA:51,0
DA:54,0
DA:55,0
DA:56,0
DA:57,0
DA:58,0
DA:59,0
DA:64,0
DA:68,0
DA:69,0
DA:70,0
DA:71,0
DA:75,0
DA:76,0
DA:77,0
DA:78,0
LF:28
LH:0
end_of_record
SF:lib/features/category/data/data_source/remote_datasource/category_remote_data_source.dart
DA:11,0
DA:15,0
DA:19,0
DA:20,0
DA:22,0
DA:23,0
DA:25,0
DA:27,0
DA:28,0
DA:30,0
LF:10
LH:0
end_of_record
SF:lib/features/dashboard/data/data_source/remote_datasource/product_remote_datasource.dart
DA:13,0
DA:17,0
DA:20,0
DA:22,0
DA:24,0
DA:26,0
DA:28,0
DA:29,0
DA:33,0
DA:34,0
DA:36,0
DA:39,0
DA:41,0
DA:42,0
DA:44,0
DA:48,0
DA:50,0
DA:53,0
DA:55,0
LF:19
LH:0
end_of_record
SF:lib/features/dashboard/data/repository/product_remote_repository.dart
DA:10,0
DA:12,0
DA:15,0
DA:18,0
DA:21,0
DA:24,0
DA:27,0
DA:28,0
DA:30,0
DA:31,0
DA:32,0
LF:11
LH:0
end_of_record
SF:lib/features/dashboard/domain/use_case/get_all_product_usecase.dart
DA:11,1
DA:13,1
DA:15,2
DA:17,1
DA:18,4
DA:19,1
DA:20,3
DA:21,2
DA:22,4
LF:9
LH:9
end_of_record
SF:lib/features/dashboard/presentation/view_model/bloc/dashboard_bloc.dart
DA:14,0
DA:19,0
DA:20,0
DA:21,0
DA:24,0
DA:25,0
DA:29,0
DA:31,0
DA:33,0
DA:34,0
DA:35,0
DA:36,0
DA:37,0
DA:38,0
DA:39,0
DA:46,0
DA:48,0
DA:50,0
DA:52,0
DA:53,0
DA:54,0
DA:55,0
DA:57,0
DA:58,0
DA:59,0
DA:60,0
DA:62,0
DA:67,0
DA:68,0
DA:69,0
DA:70,0
DA:71,0
LF:32
LH:0
end_of_record
SF:lib/features/dashboard/presentation/view_model/bloc/dashboard_state.dart
DA:9,11
DA:16,0
DA:24,0
DA:30,0
DA:31,0
DA:32,0
DA:33,0
DA:34,0
DA:38,0
DA:39,0
LF:10
LH:1
end_of_record
SF:lib/features/dashboard/presentation/view_model/bloc/dashboard_event.dart
DA:4,0
DA:6,0
DA:7,0
LF:3
LH:0
end_of_record
SF:lib/features/home/presentation/view_model/home_cubit.dart
DA:12,3
DA:14,0
DA:15,0
DA:18,0
DA:20,0
DA:21,0
DA:24,0
DA:25,0
DA:26,0
DA:28,0
DA:29,0
DA:30,0
DA:39,0
DA:40,0
DA:41,0
DA:42,0
DA:43,0
LF:17
LH:1
end_of_record
SF:lib/features/onboarding/presentation/view_model/onboarding_cubit.dart
DA:10,2
DA:12,0
DA:13,0
DA:14,0
DA:15,0
DA:22,1
DA:23,4
DA:24,5
DA:27,1
DA:28,2
DA:29,1
DA:30,2
DA:35,1
DA:37,2
DA:38,1
LF:15
LH:11
end_of_record
SF:lib/features/profile/data/data_source/student_remote_data_source.dart/student_remote_data_source.dart
DA:15,0
DA:21,0
DA:25,0
DA:26,0
DA:28,0
DA:29,0
DA:33,0
DA:35,0
DA:36,0
DA:37,0
DA:42,0
DA:43,0
DA:45,0
DA:48,0
DA:50,0
DA:52,0
DA:54,0
DA:55,0
DA:57,0
DA:61,0
DA:66,0
DA:67,0
DA:69,0
DA:70,0
DA:72,0
DA:74,0
DA:75,0
DA:77,0
DA:81,0
DA:82,0
DA:83,0
DA:84,0
DA:85,0
DA:86,0
DA:89,0
DA:91,0
DA:92,0
DA:93,0
DA:100,0
DA:101,0
DA:102,0
DA:104,0
DA:106,0
DA:107,0
LF:44
LH:0
end_of_record
SF:lib/features/profile/data/repository/student_remote_repository.dart
DA:12,0
DA:14,0
DA:17,0
DA:18,0
DA:19,0
DA:21,0
DA:22,0
DA:26,0
DA:31,0
DA:32,0
DA:34,0
LF:11
LH:0
end_of_record
SF:lib/features/profile/domain/use_case/get_student_profile_usecase.dart
DA:10,0
DA:12,0
DA:14,0
LF:3
LH:0
end_of_record
SF:lib/features/profile/domain/use_case/update_student_profile_usecase.dart
DA:12,0
DA:14,0
DA:17,0
LF:3
LH:0
end_of_record
SF:lib/features/profile/presentation/view_model/bloc/student_profile_event.dart
DA:4,0
DA:6,0
DA:7,0
DA:12,0
DA:19,0
DA:21,0
DA:22,0
LF:7
LH:0
end_of_record
SF:lib/features/profile/presentation/view_model/bloc/student_profile_state.dart
DA:4,0
DA:6,0
DA:7,0
DA:20,0
DA:22,0
DA:23,0
DA:30,0
DA:32,0
DA:33,0
DA:39,0
DA:41,0
DA:42,0
LF:12
LH:0
end_of_record
SF:lib/features/profile/presentation/view_model/bloc/student_profile_bloc.dart
DA:21,0
DA:26,0
DA:27,0
DA:28,0
DA:30,0
DA:32,0
DA:33,0
DA:34,0
DA:36,0
DA:37,0
DA:38,0
DA:48,0
DA:50,0
DA:52,0
DA:54,0
DA:55,0
DA:56,0
DA:57,0
DA:62,0
DA:64,0
DA:66,0
DA:68,0
DA:69,0
DA:70,0
DA:71,0
DA:72,0
DA:78,0
DA:79,0
DA:80,0
DA:81,0
LF:30
LH:0
end_of_record
SF:lib/features/splash/presentation/view_model/splash_cubit.dart
DA:6,0
DA:8,0
DA:9,0
DA:12,0
DA:13,0
DA:15,0
LF:6
LH:0
end_of_record
SF:lib/core/error/failure.dart
DA:6,16
DA:8,0
DA:9,0
DA:13,0
DA:18,14
DA:25,0
LF:6
LH:2
end_of_record
SF:lib/common/my_snackbar.dart
DA:3,0
DA:8,0
DA:9,0
LF:3
LH:0
end_of_record
SF:lib/core/common/snackbar/my_snackbar.dart
DA:3,0
DA:8,0
DA:9,0
LF:3
LH:0
end_of_record
SF:lib/core/network/dio_error_interceptor.dart
DA:4,0
DA:6,0
DA:8,0
DA:9,0
DA:10,0
DA:11,0
DA:12,0
DA:13,0
DA:16,0
DA:17,0
DA:18,0
DA:20,0
DA:25,0
DA:26,0
DA:28,0
DA:31,0
LF:16
LH:0
end_of_record
SF:lib/features/auth/data/model/auth_hive_model.dart
DA:26,0
DA:34,0
DA:37,11
DA:47,0
DA:48,0
DA:49,0
DA:50,0
DA:51,0
DA:52,0
DA:53,0
DA:54,0
DA:55,0
DA:60,0
DA:61,0
DA:62,0
DA:63,0
DA:64,0
DA:65,0
DA:66,0
DA:67,0
DA:68,0
DA:72,0
DA:74,0
LF:23
LH:1
end_of_record
SF:lib/features/auth/data/model/auth_hive_model.g.dart
DA:13,0
DA:15,0
DA:16,0
DA:17,0
DA:19,0
DA:20,0
DA:21,0
DA:22,0
DA:23,0
DA:24,0
DA:25,0
DA:26,0
DA:30,0
DA:33,0
DA:34,0
DA:35,0
DA:36,0
DA:37,0
DA:38,0
DA:39,0
DA:40,0
DA:41,0
DA:42,0
DA:43,0
DA:44,0
DA:45,0
DA:46,0
DA:47,0
DA:50,0
DA:51,0
DA:53,0
DA:56,0
DA:57,0
DA:58,0
LF:34
LH:0
end_of_record
SF:lib/features/auth/domain/entity/auth_entity.dart
DA:12,13
DA:22,1
DA:24,8
LF:3
LH:3
end_of_record
SF:lib/features/auth/presentation/view/register_view.dart
DA:11,12
DA:13,1
DA:14,1
DA:30,0
DA:31,0
DA:32,0
DA:33,0
DA:38,0
DA:40,0
DA:42,0
DA:43,0
DA:45,0
DA:49,0
DA:53,1
DA:58,1
DA:60,1
DA:63,1
DA:65,1
DA:67,1
DA:69,1
DA:78,1
DA:79,0
DA:80,0
DA:81,0
DA:89,0
DA:91,0
DA:93,0
DA:94,0
DA:95,0
DA:96,0
DA:97,0
DA:98,0
DA:103,0
DA:104,0
DA:105,0
DA:106,0
DA:116,1
DA:119,1
DA:121,1
DA:122,0
DA:129,1
DA:131,1
DA:132,1
DA:133,1
DA:134,1
DA:135,1
DA:136,1
DA:137,1
DA:140,1
DA:141,1
DA:144,0
DA:145,0
DA:152,1
DA:153,1
DA:154,1
DA:157,1
DA:158,1
DA:161,0
DA:162,0
DA:170,1
DA:171,1
DA:173,1
DA:176,1
DA:177,1
DA:180,0
DA:181,0
DA:184,0
DA:191,1
DA:192,1
DA:193,1
DA:196,1
DA:197,1
DA:200,0
DA:201,0
DA:208,1
DA:209,1
DA:210,1
DA:211,1
DA:214,1
DA:215,1
DA:217,1
DA:218,1
DA:219,1
DA:223,0
DA:224,0
DA:225,0
DA:230,0
DA:231,0
DA:234,0
DA:241,1
DA:242,1
DA:243,1
DA:244,1
DA:247,1
DA:248,1
DA:250,1
DA:251,1
DA:252,1
DA:256,0
DA:257,0
DA:258,0
DA:259,0
DA:264,0
DA:265,0
DA:268,0
DA:275,1
DA:277,1
DA:278,0
DA:279,0
DA:281,0
DA:282,0
DA:283,0
DA:284,0
DA:286,0
DA:287,0
DA:288,0
DA:289,0
DA:290,0
DA:296,1
DA:299,1
DA:300,1
DA:314,1
DA:316,1
DA:318,1
DA:319,0
DA:320,0
DA:322,0
DA:323,0
LF:128
LH:65
end_of_record
SF:lib/features/home/presentation/view/home_view.dart
DA:8,12
DA:10,1
DA:12,1
DA:14,1
DA:15,1
DA:20,1
DA:21,1
DA:24,1
DA:25,1
DA:41,1
DA:42,1
DA:44,0
DA:46,1
DA:48,0
DA:54,1
DA:55,1
DA:56,3
DA:61,1
DA:62,1
DA:63,1
DA:65,1
DA:66,2
DA:67,1
DA:68,1
DA:69,1
DA:70,1
DA:76,1
DA:78,1
DA:80,2
DA:81,1
DA:83,1
DA:86,1
DA:87,1
DA:88,2
LF:34
LH:32
end_of_record
SF:lib/features/category/domain/entity/category_entity.dart
DA:8,2
DA:13,0
DA:18,0
DA:20,0
LF:4
LH:1
end_of_record
SF:lib/features/category/data/model/category_api_model.dart
DA:12,0
DA:18,0
DA:24,0
DA:25,0
DA:26,0
DA:27,0
DA:28,0
DA:33,0
DA:34,0
DA:35,0
DA:36,0
DA:37,0
DA:42,0
DA:43,0
DA:44,0
DA:45,0
DA:49,0
DA:50,0
DA:51,0
DA:55,0
DA:56,0
DA:58,0
DA:59,0
DA:60,0
DA:61,0
DA:62,0
LF:26
LH:0
end_of_record
SF:lib/features/category/data/dto/get_all_category_dto.dart
DA:12,0
DA:17,0
DA:19,0
DA:20,0
LF:4
LH:0
end_of_record
SF:lib/features/category/data/dto/get_all_category_dto.g.dart
DA:9,0
DA:10,0
DA:11,0
DA:12,0
DA:13,0
DA:14,0
DA:15,0
DA:18,0
DA:19,0
DA:20,0
DA:21,0
DA:22,0
LF:12
LH:0
end_of_record
SF:lib/features/dashboard/domain/entity/product_entity.dart
DA:13,1
DA:23,0
DA:24,0
DA:25,0
DA:26,0
DA:27,0
DA:28,0
DA:29,0
DA:30,0
DA:31,0
LF:10
LH:1
end_of_record
SF:lib/features/dashboard/data/dto/get_all_product_dto.dart
DA:12,0
DA:18,0
DA:20,0
DA:21,0
LF:4
LH:0
end_of_record
SF:lib/features/dashboard/data/dto/get_all_product_dto.g.dart
DA:9,0
DA:10,0
DA:11,0
DA:12,0
DA:13,0
DA:14,0
DA:15,0
DA:18,0
DA:19,0
DA:20,0
DA:21,0
DA:22,0
LF:12
LH:0
end_of_record
SF:lib/features/dashboard/data/model/product_api_model.dart
DA:130,0
DA:141,0
DA:142,0
DA:145,0
DA:148,0
DA:149,0
DA:150,0
DA:151,0
DA:152,0
DA:153,0
DA:154,0
DA:155,0
DA:156,0
DA:161,0
DA:162,0
DA:163,0
DA:165,0
DA:166,0
DA:167,0
DA:168,0
DA:169,0
DA:170,0
DA:175,0
DA:176,0
DA:179,0
DA:180,0
DA:181,0
DA:182,0
DA:183,0
DA:184,0
DA:185,0
DA:186,0
DA:187,0
LF:33
LH:0
end_of_record
SF:lib/features/dashboard/data/model/product_api_model.g.dart
DA:9,0
DA:10,0
DA:11,0
DA:12,0
DA:13,0
DA:14,0
DA:15,0
DA:16,0
DA:17,0
DA:18,0
DA:21,0
DA:22,0
DA:23,0
DA:24,0
DA:25,0
DA:26,0
DA:27,0
DA:28,0
DA:29,0
LF:19
LH:0
end_of_record
SF:lib/features/dashboard/presentation/view/dashboard_view.dart
DA:13,11
DA:15,0
DA:16,0
DA:28,0
DA:30,0
DA:31,0
DA:34,0
DA:37,0
DA:38,0
DA:39,0
DA:40,0
DA:45,0
DA:47,0
DA:48,0
DA:51,0
DA:52,0
DA:53,0
DA:55,0
DA:56,0
DA:57,0
DA:58,0
DA:60,0
DA:61,0
DA:62,0
DA:68,0
DA:72,0
DA:73,0
DA:74,0
DA:77,0
DA:79,0
DA:81,0
DA:83,0
DA:85,0
DA:86,0
DA:91,0
DA:92,0
DA:93,0
DA:95,0
DA:102,0
DA:103,0
DA:104,0
DA:105,0
DA:108,0
DA:110,0
DA:112,0
DA:113,0
DA:114,0
DA:118,0
DA:119,0
DA:124,0
DA:127,0
DA:130,0
DA:133,0
DA:135,0
DA:138,0
DA:141,0
DA:144,0
DA:147,0
DA:154,0
DA:155,0
DA:156,0
DA:157,0
DA:158,0
DA:159,0
DA:167,0
DA:169,0
DA:171,0
DA:172,0
DA:174,0
DA:179,0
DA:182,0
DA:193,0
DA:194,0
DA:196,0
DA:197,0
DA:198,0
DA:200,0
DA:202,0
DA:203,0
DA:205,0
DA:211,0
DA:213,0
DA:214,0
DA:222,0
DA:223,0
DA:224,0
DA:225,0
DA:227,0
DA:228,0
DA:229,0
DA:231,0
DA:232,0
DA:233,0
DA:237,0
DA:238,0
DA:239,0
DA:240,0
DA:242,0
DA:248,0
DA:254,0
DA:256,0
DA:257,0
DA:258,0
DA:259,0
DA:260,0
DA:262,0
DA:263,0
DA:265,0
DA:270,0
DA:272,0
DA:274,0
DA:276,0
DA:278,0
DA:279,0
DA:280,0
DA:282,0
DA:285,0
DA:286,0
DA:296,0
DA:297,0
DA:298,0
DA:300,0
DA:307,0
DA:308,0
DA:309,0
DA:311,0
DA:319,0
LF:127
LH:1
end_of_record
SF:lib/features/product_details/presentation/view/product_detail_view.dart
DA:13,0
DA:19,0
DA:20,0
DA:26,0
DA:27,0
DA:29,0
DA:30,0
DA:32,0
DA:34,0
DA:35,0
DA:36,0
DA:37,0
DA:40,0
DA:45,0
DA:46,0
DA:52,0
DA:53,0
DA:54,0
DA:55,0
DA:56,0
DA:57,0
DA:62,0
DA:63,0
DA:67,0
DA:68,0
DA:69,0
DA:70,0
DA:73,0
DA:74,0
DA:78,0
DA:79,0
DA:83,0
DA:84,0
DA:89,0
DA:91,0
DA:92,0
DA:93,0
DA:98,0
DA:99,0
DA:100,0
DA:102,0
DA:103,0
DA:105,0
DA:107,0
DA:108,0
DA:109,0
DA:111,0
DA:113,0
DA:115,0
DA:116,0
DA:117,0
DA:119,0
DA:126,0
DA:128,0
DA:129,0
DA:130,0
DA:132,0
DA:133,0
DA:134,0
DA:135,0
DA:137,0
DA:140,0
DA:142,0
DA:160,0
DA:161,0
DA:162,0
DA:163,0
DA:164,0
DA:166,0
DA:170,0
DA:171,0
DA:172,0
DA:173,0
DA:174,0
DA:175,0
DA:180,0
DA:184,0
DA:185,0
DA:186,0
DA:187,0
DA:190,0
DA:191,0
DA:192,0
DA:193,0
DA:198,0
DA:211,0
DA:213,0
DA:214,0
DA:215,0
DA:216,0
DA:217,0
DA:219,0
DA:221,0
DA:222,0
DA:224,0
DA:226,0
DA:230,0
DA:231,0
DA:232,0
DA:234,0
DA:235,0
DA:244,0
DA:245,0
DA:246,0
DA:248,0
DA:254,0
DA:256,0
DA:257,0
DA:260,0
LF:109
LH:0
end_of_record
SF:lib/features/home/presentation/view_model/home_state.dart
DA:16,2
DA:23,1
DA:24,1
DA:27,1
DA:28,1
DA:29,0
DA:32,1
DA:33,0
DA:36,1
DA:37,0
DA:44,0
DA:49,0
DA:50,0
DA:51,0
DA:52,0
DA:56,1
DA:57,4
LF:17
LH:9
end_of_record
SF:lib/features/order_details/presentation/view/dashboard_view.dart
DA:8,11
DA:10,0
DA:11,0
DA:20,0
DA:22,0
DA:23,0
DA:24,0
DA:27,0
DA:29,0
DA:30,0
DA:33,0
DA:35,0
DA:36,0
DA:37,0
DA:40,0
DA:41,0
DA:42,0
DA:43,0
DA:44,0
DA:47,0
DA:48,0
DA:49,0
DA:53,0
DA:54,0
DA:55,0
DA:60,0
DA:62,0
DA:63,0
DA:65,0
DA:66,0
DA:67,0
DA:68,0
DA:69,0
DA:70,0
DA:71,0
DA:77,0
DA:78,0
DA:79,0
DA:80,0
DA:81,0
DA:82,0
DA:84,0
DA:93,0
DA:94,0
DA:95,0
DA:96,0
DA:101,0
DA:104,0
DA:106,0
DA:107,0
DA:108,0
DA:110,0
DA:112,0
DA:114,0
DA:116,0
DA:118,0
DA:119,0
DA:124,0
DA:126,0
DA:133,0
DA:134,0
DA:136,0
DA:137,0
DA:138,0
DA:145,0
DA:146,0
DA:151,0
DA:152,0
DA:159,0
DA:161,0
DA:162,0
DA:165,0
DA:166,0
DA:167,0
DA:169,0
DA:170,0
DA:176,0
DA:178,0
DA:189,0
DA:191,0
DA:192,0
DA:193,0
DA:196,0
DA:197,0
DA:198,0
DA:200,0
DA:204,0
DA:205,0
DA:206,0
DA:210,0
DA:214,0
DA:217,0
DA:219,0
DA:220,0
DA:221,0
DA:222,0
DA:223,0
DA:224,0
DA:226,0
DA:227,0
DA:234,0
DA:235,0
DA:240,0
DA:241,0
DA:242,0
DA:243,0
DA:246,0
DA:247,0
DA:248,0
DA:257,0
DA:259,0
DA:261,0
DA:263,0
DA:265,0
LF:114
LH:1
end_of_record
SF:lib/features/profile/presentation/view/profile_view.dart
DA:16,11
DA:18,0
DA:19,0
DA:39,0
DA:41,0
DA:42,0
DA:43,0
DA:46,0
DA:47,0
DA:48,0
DA:50,0
DA:51,0
DA:52,0
DA:53,0
DA:54,0
DA:55,0
DA:60,0
DA:61,0
DA:62,0
DA:63,0
DA:64,0
DA:65,0
DA:70,0
DA:71,0
DA:72,0
DA:73,0
DA:74,0
DA:75,0
DA:76,0
DA:82,0
DA:83,0
DA:84,0
DA:87,0
DA:90,0
DA:91,0
DA:93,0
DA:94,0
DA:95,0
DA:98,0
DA:99,0
DA:100,0
DA:101,0
DA:102,0
DA:104,0
DA:105,0
DA:107,0
DA:108,0
DA:113,0
DA:115,0
DA:122,0
DA:124,0
DA:125,0
DA:128,0
DA:132,0
DA:133,0
DA:135,0
DA:136,0
DA:137,0
DA:138,0
DA:140,0
DA:142,0
DA:143,0
DA:147,0
DA:149,0
DA:150,0
DA:151,0
DA:152,0
DA:155,0
DA:161,0
DA:163,0
DA:164,0
DA:165,0
DA:166,0
DA:171,0
DA:172,0
DA:173,0
DA:174,0
DA:181,0
DA:183,0
DA:184,0
DA:186,0
DA:187,0
DA:199,0
DA:200,0
DA:201,0
DA:203,0
DA:204,0
DA:208,0
DA:209,0
DA:211,0
DA:212,0
DA:219,0
DA:222,0
DA:227,0
DA:228,0
DA:233,0
DA:237,0
DA:239,0
DA:243,0
DA:247,0
DA:251,0
DA:256,0
DA:257,0
DA:261,0
DA:262,0
DA:264,0
DA:265,0
DA:290,0
DA:292,0
DA:294,0
DA:296,0
DA:297,0
DA:298,0
DA:301,0
DA:318,0
DA:327,0
DA:329,0
DA:330,0
DA:331,0
DA:332,0
DA:333,0
DA:336,0
DA:341,0
DA:350,11
DA:352,0
DA:354,0
DA:355,0
DA:356,0
DA:358,0
DA:360,0
DA:363,0
DA:366,0
DA:368,0
DA:369,0
DA:378,0
DA:383,0
DA:384,0
DA:385,0
LF:138
LH:2
end_of_record
SF:lib/features/onboarding/presentation/view/on_board_model.dart
DA:7,1
DA:15,3
DA:16,1
DA:22,1
DA:28,1
LF:5
LH:5
end_of_record
SF:lib/features/onboarding/presentation/view/onboarding_view.dart
DA:7,12
DA:9,1
DA:11,1
DA:12,2
DA:13,1
DA:15,1
DA:16,1
DA:17,1
DA:18,1
DA:19,1
DA:20,1
DA:21,1
DA:22,1
DA:23,1
DA:24,1
DA:25,1
DA:27,2
DA:28,1
DA:29,2
DA:30,1
DA:32,1
DA:33,1
DA:34,4
DA:35,4
DA:36,1
DA:39,1
DA:40,1
DA:41,2
DA:48,1
DA:49,1
DA:58,1
DA:61,1
DA:62,1
DA:76,1
DA:78,1
DA:80,1
DA:81,1
DA:82,1
DA:83,1
DA:93,1
DA:94,4
DA:95,1
DA:97,1
DA:99,1
DA:100,1
DA:103,1
DA:108,1
DA:109,1
DA:110,4
DA:111,1
DA:113,0
DA:116,1
DA:121,1
DA:122,1
DA:125,1
DA:126,4
LF:56
LH:55
end_of_record
SF:lib/features/profile/data/dto/update_student_profile_dto.dart
DA:13,0
DA:21,0
DA:22,0
DA:24,0
LF:4
LH:0
end_of_record
SF:lib/features/profile/data/dto/update_student_profile_dto.g.dart
DA:9,0
DA:11,0
DA:12,0
DA:13,0
DA:14,0
DA:15,0
DA:16,0
DA:19,0
DA:21,0
DA:22,0
DA:23,0
DA:24,0
DA:25,0
DA:26,0
LF:14
LH:0
end_of_record
SF:lib/features/profile/domain/entity/student_entity.dart
DA:11,0
DA:20,0
DA:21,0
DA:24,0
DA:25,0
DA:26,0
DA:27,0
DA:28,0
DA:29,0
DA:30,0
DA:31,0
DA:32,0
DA:33,0
DA:38,0
DA:39,0
DA:40,0
DA:41,0
DA:42,0
DA:43,0
DA:44,0
DA:45,0
LF:21
LH:0
end_of_record
SF:lib/features/profile/data/dto/get_student_profile_dto.dart
DA:11,0
DA:16,0
DA:17,0
DA:19,0
DA:31,0
DA:40,0
DA:41,0
DA:43,0
DA:45,0
DA:46,0
DA:47,0
DA:48,0
DA:49,0
DA:50,0
DA:51,0
DA:52,0
LF:16
LH:0
end_of_record
SF:lib/features/profile/data/dto/get_student_profile_dto.g.dart
DA:9,0
DA:11,0
DA:12,0
DA:14,0
DA:17,0
DA:19,0
DA:20,0
DA:21,0
DA:24,0
DA:25,0
DA:26,0
DA:27,0
DA:28,0
DA:29,0
DA:30,0
DA:31,0
DA:34,0
DA:35,0
DA:36,0
DA:37,0
DA:38,0
DA:39,0
DA:40,0
DA:41,0
LF:24
LH:0
end_of_record
SF:lib/features/profile/data/model/student_api_model.dart
DA:17,0
DA:27,0
DA:28,0
DA:31,0
DA:34,0
DA:35,0
DA:36,0
DA:37,0
DA:38,0
DA:39,0
DA:40,0
DA:41,0
DA:46,0
DA:47,0
DA:48,0
DA:49,0
DA:50,0
DA:51,0
DA:52,0
DA:53,0
DA:57,0
DA:58,0
DA:59,0
DA:60,0
DA:61,0
DA:62,0
DA:63,0
DA:64,0
LF:28
LH:0
end_of_record
SF:lib/features/profile/data/model/student_api_model.g.dart
DA:9,0
DA:10,0
DA:11,0
DA:12,0
DA:13,0
DA:14,0
DA:15,0
DA:16,0
DA:19,0
DA:20,0
DA:21,0
DA:22,0
DA:23,0
DA:24,0
DA:25,0
DA:26,0
LF:16
LH:0
end_of_record
SF:lib/features/profile/presentation/view/change_password.dart
DA:9,11
DA:11,0
DA:12,0
DA:31,0
DA:33,0
DA:34,0
DA:37,0
DA:38,0
DA:39,0
DA:41,0
DA:42,0
DA:43,0
DA:44,0
DA:45,0
DA:46,0
DA:52,0
DA:53,0
DA:56,0
DA:57,0
DA:58,0
DA:62,0
DA:63,0
DA:64,0
DA:67,0
DA:70,0
DA:71,0
DA:72,0
DA:75,0
DA:77,0
DA:78,0
DA:82,0
DA:88,0
DA:90,0
DA:91,0
DA:95,0
DA:97,0
DA:98,0
DA:99,0
DA:100,0
DA:102,0
DA:103,0
DA:104,0
DA:105,0
DA:107,0
DA:108,0
DA:111,0
DA:112,0
DA:116,0
DA:123,0
DA:124,0
DA:125,0
DA:126,0
DA:128,0
DA:129,0
DA:132,0
DA:133,0
DA:137,0
DA:138,0
DA:139,0
DA:147,0
DA:148,0
DA:149,0
DA:150,0
DA:152,0
DA:153,0
DA:156,0
DA:157,0
DA:161,0
DA:162,0
DA:163,0
DA:171,0
DA:173,0
DA:175,0
DA:176,0
LF:74
LH:1
end_of_record
SF:lib/features/profile/presentation/view/edit_profile.dart
DA:11,11
DA:13,0
DA:14,0
DA:26,0
DA:28,0
DA:29,0
DA:30,0
DA:31,0
DA:34,0
DA:35,0
DA:36,0
DA:38,0
DA:39,0
DA:40,0
DA:41,0
DA:42,0
DA:44,0
DA:45,0
DA:46,0
DA:47,0
DA:51,0
DA:52,0
DA:53,0
DA:54,0
DA:58,0
DA:59,0
DA:60,0
DA:61,0
DA:65,0
DA:66,0
DA:67,0
DA:68,0
DA:72,0
DA:73,0
DA:74,0
DA:75,0
DA:80,0
DA:81,0
DA:83,0
DA:84,0
DA:89,0
DA:90,0
DA:91,0
DA:92,0
DA:94,0
DA:95,0
DA:96,0
DA:98,0
DA:99,0
DA:100,0
DA:104,0
DA:105,0
DA:106,0
DA:107,0
DA:110,0
DA:111,0
DA:112,0
DA:113,0
DA:116,0
DA:118,0
DA:119,0
DA:122,0
DA:127,0
DA:129,0
DA:131,0
DA:132,0
DA:133,0
DA:135,0
DA:137,0
DA:138,0
DA:140,0
DA:141,0
DA:143,0
DA:144,0
DA:145,0
DA:148,0
DA:151,0
DA:152,0
DA:153,0
DA:159,0
DA:161,0
DA:163,0
DA:164,0
DA:165,0
DA:166,0
DA:167,0
DA:172,0
DA:173,0
DA:174,0
DA:175,0
DA:185,0
DA:199,0
DA:200,0
DA:201,0
DA:202,0
DA:203,0
DA:204,0
DA:209,0
DA:210,0
DA:219,0
DA:220,0
DA:221,0
DA:222,0
DA:226,0
DA:227,0
DA:239,0
DA:244,0
DA:247,0
DA:249,0
DA:250,0
DA:254,0
DA:255,0
LF:112
LH:1
end_of_record
SF:lib/features/profile/presentation/view/help_center.dart
DA:4,11
DA:6,0
DA:7,0
DA:27,0
DA:29,0
DA:30,0
DA:34,0
DA:36,0
DA:37,0
DA:39,0
DA:40,0
DA:43,0
DA:44,0
DA:51,0
DA:52,0
DA:53,0
DA:54,0
DA:55,0
DA:56,0
DA:58,0
DA:59,0
DA:61,0
DA:72,0
DA:74,0
DA:75,0
DA:77,0
DA:79,0
DA:81,0
DA:83,0
DA:85,0
DA:93,0
DA:95,0
DA:96,0
DA:97,0
LF:34
LH:1
end_of_record
SF:lib/features/category/domain/use_case/get_all_category_usecase.dart
DA:11,1
DA:13,1
DA:15,2
LF:3
LH:3
end_of_record
